{"name":"hexo","hostname":"stan.lan","pid":66151,"level":20,"msg":"Hexo version: \u001b[35m3.2.2\u001b[39m","time":"2017-02-11T05:42:00.692Z","v":0}
{"name":"hexo","hostname":"stan.lan","pid":66151,"level":20,"msg":"Working directory: \u001b[35m~/stanxia.github.io/\u001b[39m","time":"2017-02-11T05:42:00.696Z","v":0}
{"name":"hexo","hostname":"stan.lan","pid":66151,"level":20,"msg":"Config loaded: \u001b[35m~/stanxia.github.io/_config.yml\u001b[39m","time":"2017-02-11T05:42:00.982Z","v":0}
{"name":"hexo","hostname":"stan.lan","pid":66151,"level":20,"msg":"Plugin loaded: \u001b[35mhexo-generator-archive\u001b[39m","time":"2017-02-11T05:42:01.014Z","v":0}
{"name":"hexo","hostname":"stan.lan","pid":66151,"level":20,"msg":"Plugin loaded: \u001b[35mhexo-deployer-git\u001b[39m","time":"2017-02-11T05:42:01.747Z","v":0}
{"name":"hexo","hostname":"stan.lan","pid":66151,"level":20,"msg":"Plugin loaded: \u001b[35mhexo-generator-category\u001b[39m","time":"2017-02-11T05:42:01.756Z","v":0}
{"name":"hexo","hostname":"stan.lan","pid":66151,"level":20,"msg":"Plugin loaded: \u001b[35mhexo-generator-index\u001b[39m","time":"2017-02-11T05:42:01.767Z","v":0}
{"name":"hexo","hostname":"stan.lan","pid":66151,"level":20,"msg":"Plugin loaded: \u001b[35mhexo-generator-json-content\u001b[39m","time":"2017-02-11T05:42:01.767Z","v":0}
{"name":"hexo","hostname":"stan.lan","pid":66151,"level":20,"msg":"Plugin loaded: \u001b[35mhexo-generator-tag\u001b[39m","time":"2017-02-11T05:42:01.777Z","v":0}
{"name":"hexo","hostname":"stan.lan","pid":66151,"level":20,"msg":"Plugin loaded: \u001b[35mhexo-renderer-ejs\u001b[39m","time":"2017-02-11T05:42:01.791Z","v":0}
{"name":"hexo","hostname":"stan.lan","pid":66151,"level":20,"msg":"Plugin loaded: \u001b[35mhexo-renderer-marked\u001b[39m","time":"2017-02-11T05:42:02.031Z","v":0}
{"name":"hexo","hostname":"stan.lan","pid":66151,"level":20,"msg":"Plugin loaded: \u001b[35mhexo-renderer-stylus\u001b[39m","time":"2017-02-11T05:42:02.033Z","v":0}
{"name":"hexo","hostname":"stan.lan","pid":66151,"level":20,"msg":"Plugin loaded: \u001b[35mhexo-server\u001b[39m","time":"2017-02-11T05:42:02.822Z","v":0}
{"name":"hexo","hostname":"stan.lan","pid":66151,"level":20,"msg":"Loading database.","time":"2017-02-11T05:42:02.833Z","v":0}
{"name":"hexo","hostname":"stan.lan","pid":66151,"level":30,"msg":"Start processing","time":"2017-02-11T05:42:02.936Z","v":0}
{"name":"hexo","hostname":"stan.lan","pid":66151,"level":20,"msg":"Processed: \u001b[35m_posts/ssh互信.md\u001b[39m","time":"2017-02-11T05:42:03.231Z","v":0}
{"name":"hexo","hostname":"stan.lan","pid":66151,"level":20,"msg":"Processed: \u001b[35m_posts/cdh集群搭建.md\u001b[39m","time":"2017-02-11T05:42:03.231Z","v":0}
{"name":"hexo","hostname":"stan.lan","pid":66151,"level":20,"msg":"Processed: \u001b[35m_posts/hadoop原生集群搭建.md\u001b[39m","time":"2017-02-11T05:42:03.245Z","v":0}
{"name":"hexo","hostname":"stan.lan","pid":66151,"level":20,"msg":"Generator: \u001b[35mpage\u001b[39m","time":"2017-02-11T05:42:03.426Z","v":0}
{"name":"hexo","hostname":"stan.lan","pid":66151,"level":20,"msg":"Generator: \u001b[35mpost\u001b[39m","time":"2017-02-11T05:42:03.426Z","v":0}
{"name":"hexo","hostname":"stan.lan","pid":66151,"level":20,"msg":"Generator: \u001b[35marchive\u001b[39m","time":"2017-02-11T05:42:03.426Z","v":0}
{"name":"hexo","hostname":"stan.lan","pid":66151,"level":20,"msg":"Generator: \u001b[35mcategory\u001b[39m","time":"2017-02-11T05:42:03.426Z","v":0}
{"name":"hexo","hostname":"stan.lan","pid":66151,"level":20,"msg":"Generator: \u001b[35mindex\u001b[39m","time":"2017-02-11T05:42:03.426Z","v":0}
{"name":"hexo","hostname":"stan.lan","pid":66151,"level":20,"msg":"Generator: \u001b[35mgenerator-0\u001b[39m","time":"2017-02-11T05:42:03.427Z","v":0}
{"name":"hexo","hostname":"stan.lan","pid":66151,"level":20,"msg":"Generator: \u001b[35mtag\u001b[39m","time":"2017-02-11T05:42:03.427Z","v":0}
{"name":"hexo","hostname":"stan.lan","pid":66151,"level":20,"msg":"Generator: \u001b[35masset\u001b[39m","time":"2017-02-11T05:42:03.428Z","v":0}
{"name":"hexo","hostname":"stan.lan","pid":66151,"level":30,"msg":"Hexo is running at \u001b[4mhttp://localhost:4000/\u001b[24m. Press Ctrl+C to stop.","time":"2017-02-11T05:42:03.434Z","v":0}
{"name":"hexo","hostname":"stan.lan","pid":66151,"level":20,"msg":"Database saved","time":"2017-02-11T05:42:03.456Z","v":0}
{"name":"hexo","hostname":"stan.lan","pid":66151,"level":40,"msg":"No layout: \u001b[35mindex.html\u001b[39m","time":"2017-02-11T05:44:38.376Z","v":0}
{"name":"hexo","hostname":"stan.lan","pid":66151,"level":40,"msg":"No layout: \u001b[35mindex.html\u001b[39m","time":"2017-02-11T05:44:44.487Z","v":0}
{"name":"hexo","hostname":"stan.lan","pid":66151,"level":30,"msg":"Farewell","time":"2017-02-11T05:44:49.102Z","v":0}
{"name":"hexo","hostname":"stan.lan","pid":66151,"level":20,"msg":"Database saved","time":"2017-02-11T05:44:49.130Z","v":0}
